This is pdfTeX, Version 3.14159265-2.6-1.40.17 (TeX Live 2016) (preloaded format=pdflatex 2016.5.22)  14 MAR 2019 19:32
entering extended mode
 restricted \write18 enabled.
 file:line:error style messages enabled.
 %&-line parsing enabled.
**A3report.tex
(./A3report.tex
LaTeX2e <2016/03/31>
Babel <3.9r> and hyphenation patterns for 83 language(s) loaded.
(/usr/local/texlive/2016/texmf-dist/tex/latex/base/article.cls
Document Class: article 2014/09/29 v1.4h Standard LaTeX document class
(/usr/local/texlive/2016/texmf-dist/tex/latex/base/size10.clo
File: size10.clo 2014/09/29 v1.4h Standard LaTeX file (size option)
)
\c@part=\count79
\c@section=\count80
\c@subsection=\count81
\c@subsubsection=\count82
\c@paragraph=\count83
\c@subparagraph=\count84
\c@figure=\count85
\c@table=\count86
\abovecaptionskip=\skip41
\belowcaptionskip=\skip42
\bibindent=\dimen102
)
(/usr/local/texlive/2016/texmf-dist/tex/generic/babel/babel.sty
Package: babel 2016/04/23 3.9r The Babel package

(/usr/local/texlive/2016/texmf-dist/tex/generic/babel-english/english.ldf
Language: english 2012/08/20 v3.3p English support from the babel system

(/usr/local/texlive/2016/texmf-dist/tex/generic/babel/babel.def
File: babel.def 2016/04/23 3.9r Babel common definitions
\babel@savecnt=\count87
\U@D=\dimen103
)
\l@canadian = a dialect from \language\l@american 
\l@australian = a dialect from \language\l@british 
\l@newzealand = a dialect from \language\l@british 
))
(/usr/local/texlive/2016/texmf-dist/tex/latex/amsmath/amsmath.sty
Package: amsmath 2016/03/10 v2.15b AMS math features
\@mathmargin=\skip43

For additional information on amsmath, use the `?' option.
(/usr/local/texlive/2016/texmf-dist/tex/latex/amsmath/amstext.sty
Package: amstext 2000/06/29 v2.01 AMS text

(/usr/local/texlive/2016/texmf-dist/tex/latex/amsmath/amsgen.sty
File: amsgen.sty 1999/11/30 v2.0 generic functions
\@emptytoks=\toks14
\ex@=\dimen104
))
(/usr/local/texlive/2016/texmf-dist/tex/latex/amsmath/amsbsy.sty
Package: amsbsy 1999/11/29 v1.2d Bold Symbols
\pmbraise@=\dimen105
)
(/usr/local/texlive/2016/texmf-dist/tex/latex/amsmath/amsopn.sty
Package: amsopn 2016/03/08 v2.02 operator names
)
\inf@bad=\count88
LaTeX Info: Redefining \frac on input line 199.
\uproot@=\count89
\leftroot@=\count90
LaTeX Info: Redefining \overline on input line 297.
\classnum@=\count91
\DOTSCASE@=\count92
LaTeX Info: Redefining \ldots on input line 394.
LaTeX Info: Redefining \dots on input line 397.
LaTeX Info: Redefining \cdots on input line 518.
\Mathstrutbox@=\box26
\strutbox@=\box27
\big@size=\dimen106
LaTeX Font Info:    Redeclaring font encoding OML on input line 634.
LaTeX Font Info:    Redeclaring font encoding OMS on input line 635.
\macc@depth=\count93
\c@MaxMatrixCols=\count94
\dotsspace@=\muskip10
\c@parentequation=\count95
\dspbrk@lvl=\count96
\tag@help=\toks15
\row@=\count97
\column@=\count98
\maxfields@=\count99
\andhelp@=\toks16
\eqnshift@=\dimen107
\alignsep@=\dimen108
\tagshift@=\dimen109
\tagwidth@=\dimen110
\totwidth@=\dimen111
\lineht@=\dimen112
\@envbody=\toks17
\multlinegap=\skip44
\multlinetaggap=\skip45
\mathdisplay@stack=\toks18
LaTeX Info: Redefining \[ on input line 2739.
LaTeX Info: Redefining \] on input line 2740.
)
(/usr/local/texlive/2016/texmf-dist/tex/latex/amsfonts/amssymb.sty
Package: amssymb 2013/01/14 v3.01 AMS font symbols

(/usr/local/texlive/2016/texmf-dist/tex/latex/amsfonts/amsfonts.sty
Package: amsfonts 2013/01/14 v3.01 Basic AMSFonts support
\symAMSa=\mathgroup4
\symAMSb=\mathgroup5
LaTeX Font Info:    Overwriting math alphabet `\mathfrak' in version `bold'
(Font)                  U/euf/m/n --> U/euf/b/n on input line 106.
))
(/usr/local/texlive/2016/texmf-dist/tex/latex/graphics/graphicx.sty
Package: graphicx 2014/10/28 v1.0g Enhanced LaTeX Graphics (DPC,SPQR)

(/usr/local/texlive/2016/texmf-dist/tex/latex/graphics/keyval.sty
Package: keyval 2014/10/28 v1.15 key=value parser (DPC)
\KV@toks@=\toks19
)
(/usr/local/texlive/2016/texmf-dist/tex/latex/graphics/graphics.sty
Package: graphics 2016/05/09 v1.0r Standard LaTeX Graphics (DPC,SPQR)

(/usr/local/texlive/2016/texmf-dist/tex/latex/graphics/trig.sty
Package: trig 2016/01/03 v1.10 sin cos tan (DPC)
)
(/usr/local/texlive/2016/texmf-dist/tex/latex/graphics-cfg/graphics.cfg
File: graphics.cfg 2016/01/02 v1.10 sample graphics configuration
)
Package graphics Info: Driver file: pdftex.def on input line 96.

(/usr/local/texlive/2016/texmf-dist/tex/latex/pdftex-def/pdftex.def
File: pdftex.def 2011/05/27 v0.06d Graphics/color for pdfTeX

(/usr/local/texlive/2016/texmf-dist/tex/generic/oberdiek/infwarerr.sty
Package: infwarerr 2016/05/16 v1.4 Providing info/warning/error messages (HO)
)
(/usr/local/texlive/2016/texmf-dist/tex/generic/oberdiek/ltxcmds.sty
Package: ltxcmds 2016/05/16 v1.23 LaTeX kernel commands for general use (HO)
)
\Gread@gobject=\count100
))
\Gin@req@height=\dimen113
\Gin@req@width=\dimen114
)
(/usr/local/texlive/2016/texmf-dist/tex/latex/subfig/subfig.sty
Package: subfig 2005/06/28 ver: 1.3 subfig package

(/usr/local/texlive/2016/texmf-dist/tex/latex/caption/caption.sty
Package: caption 2016/02/21 v3.3-144 Customizing captions (AR)

(/usr/local/texlive/2016/texmf-dist/tex/latex/caption/caption3.sty
Package: caption3 2016/02/04 v1.7-139 caption3 kernel (AR)
Package caption3 Info: TeX engine: e-TeX on input line 67.
\captionmargin=\dimen115
\captionmargin@=\dimen116
\captionwidth=\dimen117
\caption@tempdima=\dimen118
\caption@indent=\dimen119
\caption@parindent=\dimen120
\caption@hangindent=\dimen121
)
\c@ContinuedFloat=\count101
)
\c@KVtest=\count102
\sf@farskip=\skip46
\sf@captopadj=\dimen122
\sf@capskip=\skip47
\sf@nearskip=\skip48
\c@subfigure=\count103
\c@subfigure@save=\count104
\c@lofdepth=\count105
\c@subtable=\count106
\c@subtable@save=\count107
\c@lotdepth=\count108
\sf@top=\skip49
\sf@bottom=\skip50
)
(./A3report.aux)
\openout1 = `A3report.aux'.

LaTeX Font Info:    Checking defaults for OML/cmm/m/it on input line 19.
LaTeX Font Info:    ... okay on input line 19.
LaTeX Font Info:    Checking defaults for T1/cmr/m/n on input line 19.
LaTeX Font Info:    ... okay on input line 19.
LaTeX Font Info:    Checking defaults for OT1/cmr/m/n on input line 19.
LaTeX Font Info:    ... okay on input line 19.
LaTeX Font Info:    Checking defaults for OMS/cmsy/m/n on input line 19.
LaTeX Font Info:    ... okay on input line 19.
LaTeX Font Info:    Checking defaults for OMX/cmex/m/n on input line 19.
LaTeX Font Info:    ... okay on input line 19.
LaTeX Font Info:    Checking defaults for U/cmr/m/n on input line 19.
LaTeX Font Info:    ... okay on input line 19.

(/usr/local/texlive/2016/texmf-dist/tex/context/base/mkii/supp-pdf.mkii
[Loading MPS to PDF converter (version 2006.09.02).]
\scratchcounter=\count109
\scratchdimen=\dimen123
\scratchbox=\box28
\nofMPsegments=\count110
\nofMParguments=\count111
\everyMPshowfont=\toks20
\MPscratchCnt=\count112
\MPscratchDim=\dimen124
\MPnumerator=\count113
\makeMPintoPDFobject=\count114
\everyMPtoPDFconversion=\toks21
) (/usr/local/texlive/2016/texmf-dist/tex/generic/oberdiek/pdftexcmds.sty
Package: pdftexcmds 2016/05/10 v0.21 Utility functions of pdfTeX for LuaTeX (HO
)

(/usr/local/texlive/2016/texmf-dist/tex/generic/oberdiek/ifluatex.sty
Package: ifluatex 2016/05/16 v1.4 Provides the ifluatex switch (HO)
Package ifluatex Info: LuaTeX not detected.
)
(/usr/local/texlive/2016/texmf-dist/tex/generic/oberdiek/ifpdf.sty
Package: ifpdf 2016/05/14 v3.1 Provides the ifpdf switch
)
Package pdftexcmds Info: LuaTeX not detected.
Package pdftexcmds Info: \pdf@primitive is available.
Package pdftexcmds Info: \pdf@ifprimitive is available.
Package pdftexcmds Info: \pdfdraftmode found.
)
(/usr/local/texlive/2016/texmf-dist/tex/latex/oberdiek/epstopdf-base.sty
Package: epstopdf-base 2016/05/15 v2.6 Base part for package epstopdf

(/usr/local/texlive/2016/texmf-dist/tex/latex/oberdiek/grfext.sty
Package: grfext 2016/05/16 v1.2 Manage graphics extensions (HO)

(/usr/local/texlive/2016/texmf-dist/tex/generic/oberdiek/kvdefinekeys.sty
Package: kvdefinekeys 2016/05/16 v1.4 Define keys (HO)
))
(/usr/local/texlive/2016/texmf-dist/tex/latex/oberdiek/kvoptions.sty
Package: kvoptions 2016/05/16 v3.12 Key value format for package options (HO)

(/usr/local/texlive/2016/texmf-dist/tex/generic/oberdiek/kvsetkeys.sty
Package: kvsetkeys 2016/05/16 v1.17 Key value parser (HO)

(/usr/local/texlive/2016/texmf-dist/tex/generic/oberdiek/etexcmds.sty
Package: etexcmds 2016/05/16 v1.6 Avoid name clashes with e-TeX commands (HO)
Package etexcmds Info: Could not find \expanded.
(etexcmds)             That can mean that you are not using pdfTeX 1.50 or
(etexcmds)             that some package has redefined \expanded.
(etexcmds)             In the latter case, load this package earlier.
)))
Package grfext Info: Graphics extension search list:
(grfext)             [.png,.pdf,.jpg,.mps,.jpeg,.jbig2,.jb2,.PNG,.PDF,.JPG,.JPE
G,.JBIG2,.JB2,.eps]
(grfext)             \AppendGraphicsExtensions on input line 456.

(/usr/local/texlive/2016/texmf-dist/tex/latex/latexconfig/epstopdf-sys.cfg
File: epstopdf-sys.cfg 2010/07/13 v1.3 Configuration of (r)epstopdf for TeX Liv
e
))
Package caption Info: Begin \AtBeginDocument code.
Package caption Info: subfig package v1.3 is loaded.
Package caption Info: End \AtBeginDocument code.
LaTeX Font Info:    Try loading font information for U+msa on input line 20.

(/usr/local/texlive/2016/texmf-dist/tex/latex/amsfonts/umsa.fd
File: umsa.fd 2013/01/14 v3.01 AMS symbols A
)
LaTeX Font Info:    Try loading font information for U+msb on input line 20.

(/usr/local/texlive/2016/texmf-dist/tex/latex/amsfonts/umsb.fd
File: umsb.fd 2013/01/14 v3.01 AMS symbols B
) [1

{/usr/local/texlive/2016/texmf-var/fonts/map/pdftex/updmap/pdftex.map}]
<./images/q_1000_0p05_0p1.jpg, id=10, 250.9375pt x 401.5pt>
File: ./images/q_1000_0p05_0p1.jpg Graphic file (type jpg)

<use ./images/q_1000_0p05_0p1.jpg>
Package pdftex.def Info: ./images/q_1000_0p05_0p1.jpg used on input line 43.
(pdftex.def)             Requested size: 125.46843pt x 200.7495pt.

<./images/q_1000_0p1_0p1.jpg, id=11, 250.9375pt x 401.5pt>
File: ./images/q_1000_0p1_0p1.jpg Graphic file (type jpg)

<use ./images/q_1000_0p1_0p1.jpg>
Package pdftex.def Info: ./images/q_1000_0p1_0p1.jpg used on input line 43.
(pdftex.def)             Requested size: 125.46843pt x 200.7495pt.

<./images/q_1000_0p2_0p1.jpg, id=12, 250.9375pt x 401.5pt>
File: ./images/q_1000_0p2_0p1.jpg Graphic file (type jpg)

<use ./images/q_1000_0p2_0p1.jpg>
Package pdftex.def Info: ./images/q_1000_0p2_0p1.jpg used on input line 43.
(pdftex.def)             Requested size: 125.46843pt x 200.7495pt.

Overfull \hbox (67.40529pt too wide) in paragraph at lines 42--46
[][] 
 []

<./images/sarsa_1000_0p05_0p1.jpg, id=13, 250.9375pt x 401.5pt>
File: ./images/sarsa_1000_0p05_0p1.jpg Graphic file (type jpg)

<use ./images/sarsa_1000_0p05_0p1.jpg>
Package pdftex.def Info: ./images/sarsa_1000_0p05_0p1.jpg used on input line 51
.
(pdftex.def)             Requested size: 125.46843pt x 200.7495pt.

<./images/sarsa_1000_0p1_0p1.jpg, id=14, 250.9375pt x 401.5pt>
File: ./images/sarsa_1000_0p1_0p1.jpg Graphic file (type jpg)

<use ./images/sarsa_1000_0p1_0p1.jpg>
Package pdftex.def Info: ./images/sarsa_1000_0p1_0p1.jpg used on input line 51.

(pdftex.def)             Requested size: 125.46843pt x 200.7495pt.

<./images/sarsa_1000_0p2_0p1.jpg, id=15, 250.9375pt x 401.5pt>
File: ./images/sarsa_1000_0p2_0p1.jpg Graphic file (type jpg)

<use ./images/sarsa_1000_0p2_0p1.jpg>
Package pdftex.def Info: ./images/sarsa_1000_0p2_0p1.jpg used on input line 51.

(pdftex.def)             Requested size: 125.46843pt x 200.7495pt.

Overfull \hbox (67.40529pt too wide) in paragraph at lines 50--54
[][] 
 []

<./images/avg_alpha0p05.png, id=16, 565.11125pt x 431.6125pt>
File: ./images/avg_alpha0p05.png Graphic file (type png)

<use ./images/avg_alpha0p05.png>
Package pdftex.def Info: ./images/avg_alpha0p05.png used on input line 59.
(pdftex.def)             Requested size: 141.27747pt x 107.90285pt.

<./images/avg_alpha0p1.png, id=18, 579.16376pt x 431.6125pt>
File: ./images/avg_alpha0p1.png Graphic file (type png)

<use ./images/avg_alpha0p1.png>
Package pdftex.def Info: ./images/avg_alpha0p1.png used on input line 59.
(pdftex.def)             Requested size: 144.79057pt x 107.90285pt.

<./images/avg_alpha0p2.png, id=19, 562.1pt x 429.605pt>
File: ./images/avg_alpha0p2.png Graphic file (type png)

<use ./images/avg_alpha0p2.png>
Package pdftex.def Info: ./images/avg_alpha0p2.png used on input line 59.
(pdftex.def)             Requested size: 140.52466pt x 107.40099pt.

Overfull \hbox (117.5927pt too wide) in paragraph at lines 58--62
[][] 
 []

<./images/sarsa_1000_0p05_0p1reduce_e.jpg, id=20, 250.9375pt x 401.5pt>
File: ./images/sarsa_1000_0p05_0p1reduce_e.jpg Graphic file (type jpg)

<use ./images/sarsa_1000_0p05_0p1reduce_e.jpg>
Package pdftex.def Info: ./images/sarsa_1000_0p05_0p1reduce_e.jpg used on input
 line 68.
(pdftex.def)             Requested size: 125.46843pt x 200.7495pt.

<./images/sarsa_1000_0p1_0p1reduce_e.jpg, id=21, 250.9375pt x 401.5pt>
File: ./images/sarsa_1000_0p1_0p1reduce_e.jpg Graphic file (type jpg)

<use ./images/sarsa_1000_0p1_0p1reduce_e.jpg>
Package pdftex.def Info: ./images/sarsa_1000_0p1_0p1reduce_e.jpg used on input 
line 68.
(pdftex.def)             Requested size: 125.46843pt x 200.7495pt.

<./images/sarsa_1000_0p2_0p1reduce_e.jpg, id=22, 250.9375pt x 401.5pt>
File: ./images/sarsa_1000_0p2_0p1reduce_e.jpg Graphic file (type jpg)

<use ./images/sarsa_1000_0p2_0p1reduce_e.jpg>
Package pdftex.def Info: ./images/sarsa_1000_0p2_0p1reduce_e.jpg used on input 
line 68.
(pdftex.def)             Requested size: 125.46843pt x 200.7495pt.

Overfull \hbox (67.40529pt too wide) in paragraph at lines 67--71
[][] 
 []

<./images/q_1000_0p05_0p1reduce_e.jpg, id=23, 250.9375pt x 401.5pt>
File: ./images/q_1000_0p05_0p1reduce_e.jpg Graphic file (type jpg)

<use ./images/q_1000_0p05_0p1reduce_e.jpg>
Package pdftex.def Info: ./images/q_1000_0p05_0p1reduce_e.jpg used on input lin
e 76.
(pdftex.def)             Requested size: 125.46843pt x 200.7495pt.

<./images/q_1000_0p1_0p1reduce_e.jpg, id=24, 250.9375pt x 401.5pt>
File: ./images/q_1000_0p1_0p1reduce_e.jpg Graphic file (type jpg)

<use ./images/q_1000_0p1_0p1reduce_e.jpg>
Package pdftex.def Info: ./images/q_1000_0p1_0p1reduce_e.jpg used on input line
 76.
(pdftex.def)             Requested size: 125.46843pt x 200.7495pt.

<./images/q_1000_0p2_0p1reduce_e.jpg, id=25, 250.9375pt x 401.5pt>
File: ./images/q_1000_0p2_0p1reduce_e.jpg Graphic file (type jpg)

<use ./images/q_1000_0p2_0p1reduce_e.jpg>
Package pdftex.def Info: ./images/q_1000_0p2_0p1reduce_e.jpg used on input line
 76.
(pdftex.def)             Requested size: 125.46843pt x 200.7495pt.

Overfull \hbox (67.40529pt too wide) in paragraph at lines 75--79
[][] 
 []

<./images/avg_alpha0p05e.png, id=26, 680.5425pt x 428.60126pt>
File: ./images/avg_alpha0p05e.png Graphic file (type png)

<use ./images/avg_alpha0p05e.png>
Package pdftex.def Info: ./images/avg_alpha0p05e.png used on input line 85.
(pdftex.def)             Requested size: 136.10608pt x 85.71872pt.

<./images/avg_alpha0p1e.png, id=27, 666.49pt x 438.63875pt>
File: ./images/avg_alpha0p1e.png Graphic file (type png)

<use ./images/avg_alpha0p1e.png>
Package pdftex.def Info: ./images/avg_alpha0p1e.png used on input line 85.
(pdftex.def)             Requested size: 133.29564pt x 87.72618pt.

<./images/avg_alpha0p2e.png, id=28, 658.46pt x 436.63126pt>
File: ./images/avg_alpha0p2e.png Graphic file (type png)

<use ./images/avg_alpha0p2e.png>
Package pdftex.def Info: ./images/avg_alpha0p2e.png used on input line 85.
(pdftex.def)             Requested size: 131.68967pt x 87.32469pt.

Overfull \hbox (92.09138pt too wide) in paragraph at lines 84--88
[][] 
 []

[2] [3 <./images/q_1000_0p05_0p1.jpg> <./images/q_1000_0p1_0p1.jpg> <./images/q
_1000_0p2_0p1.jpg> <./images/sarsa_1000_0p05_0p1.jpg> <./images/sarsa_1000_0p1_
0p1.jpg> <./images/sarsa_1000_0p2_0p1.jpg>] [4 <./images/avg_alpha0p05.png> <./
images/avg_alpha0p1.png> <./images/avg_alpha0p2.png> <./images/sarsa_1000_0p05_
0p1reduce_e.jpg> <./images/sarsa_1000_0p1_0p1reduce_e.jpg> <./images/sarsa_1000
_0p2_0p1reduce_e.jpg>] [5 <./images/q_1000_0p05_0p1reduce_e.jpg> <./images/q_10
00_0p1_0p1reduce_e.jpg> <./images/q_1000_0p2_0p1reduce_e.jpg> <./images/avg_alp
ha0p05e.png> <./images/avg_alpha0p1e.png> <./images/avg_alpha0p2e.png>]
(./A3report.aux) ) 
Here is how much of TeX's memory you used:
 4088 strings out of 493014
 61329 string characters out of 6133351
 132158 words of memory out of 5000000
 7562 multiletter control sequences out of 15000+600000
 10760 words of font info for 43 fonts, out of 8000000 for 9000
 1141 hyphenation exceptions out of 8191
 44i,12n,42p,1219b,321s stack positions out of 5000i,500n,10000p,200000b,80000s
</usr/local/texlive/2016/texmf-dist/fonts/type1/public/amsfon
ts/cm/cmbx10.pfb></usr/local/texlive/2016/texmf-dist/fonts/type1/public/amsfont
s/cm/cmmi10.pfb></usr/local/texlive/2016/texmf-dist/fonts/type1/public/amsfonts
/cm/cmmi7.pfb></usr/local/texlive/2016/texmf-dist/fonts/type1/public/amsfonts/c
m/cmr10.pfb></usr/local/texlive/2016/texmf-dist/fonts/type1/public/amsfonts/cm/
cmr12.pfb></usr/local/texlive/2016/texmf-dist/fonts/type1/public/amsfonts/cm/cm
r17.pfb></usr/local/texlive/2016/texmf-dist/fonts/type1/public/amsfonts/cm/cmr5
.pfb></usr/local/texlive/2016/texmf-dist/fonts/type1/public/amsfonts/cm/cmr7.pf
b></usr/local/texlive/2016/texmf-dist/fonts/type1/public/amsfonts/cm/cmsy10.pfb
></usr/local/texlive/2016/texmf-dist/fonts/type1/public/amsfonts/cm/cmtt12.pfb>

Output written on A3report.pdf (5 pages, 1624160 bytes).
PDF statistics:
 85 PDF objects out of 1000 (max. 8388607)
 43 compressed objects within 1 object stream
 0 named destinations out of 1000 (max. 500000)
 91 words of extra memory for PDF output out of 10000 (max. 10000000)

